[170522:0609/213815.119924:ERROR:sandbox_linux.cc(374)] InitializeSandbox() called with multiple threads in process gpu-process.
Error occurred in handler for 'keychain:get-password': Error: No stored credentials fetched from keytar.
    at /usr/share/skypeforlinux/resources/app.asar/main.js:2:496680
    at async node:electron/js2c/browser_init:205:563
Error occurred in handler for 'keychain:get-password': Error: No stored credentials fetched from keytar.
    at /usr/share/skypeforlinux/resources/app.asar/main.js:2:496680
    at async node:electron/js2c/browser_init:205:563
Error occurred in handler for 'keychain:get-password': Error: No stored credentials fetched from keytar.
    at /usr/share/skypeforlinux/resources/app.asar/main.js:2:496680
    at async node:electron/js2c/browser_init:205:563
Error occurred in handler for 'keychain:get-password': Error: No stored credentials fetched from keytar.
    at /usr/share/skypeforlinux/resources/app.asar/main.js:2:496680
    at async node:electron/js2c/browser_init:205:563
Error occurred in handler for 'keychain:get-password': Error: No stored credentials fetched from keytar.
    at /usr/share/skypeforlinux/resources/app.asar/main.js:2:496680
    at async node:electron/js2c/browser_init:205:563
ioctl failed for wlan0, errno = 19 (No such device)
ioctl failed for wlp2s0, errno = 19 (No such device)
ioctl failed for wlp3s0, errno = 19 (No such device)
ioctl failed for wlp4s0, errno = 19 (No such device)
[170449:0609/213913.344235:ERROR:web_contents_preferences.cc(279)] preload script must have absolute path.
[170449:0609/213913.345641:ERROR:web_contents_preferences.cc(279)] preload script must have absolute path.
[170449:0609/213919.291088:ERROR:web_contents_preferences.cc(279)] preload script must have absolute path.
[170449:0609/213933.426420:ERROR:web_contents_preferences.cc(279)] preload script must have absolute path.
[170449:0609/213933.430231:ERROR:web_contents_preferences.cc(279)] preload script must have absolute path.
